\BOOKMARK [0][-]{Doc-Start}{\376\377\000S\000t\000r\000e\000s\000z\000c\000z\000e\000n\000i\000e}{}% 1
\BOOKMARK [0][-]{chapter.1}{\376\377\000W\000s\000t\001\031\000p}{}% 2
\BOOKMARK [0][-]{chapter.2}{\376\377\000P\000o\000d\000s\000t\000a\000w\000y\000\040\000t\000e\000o\000r\000e\000t\000y\000c\000z\000n\000e\000\040\000i\000\040\000p\000r\000z\000e\000g\000l\001\005\000d\000\040\000t\000e\000c\000h\000n\000o\000l\000o\000g\000i\000i\000\040\000f\000r\000o\000n\000t\000e\000n\000d\000o\000w\000y\000c\000h}{}% 3
\BOOKMARK [1][-]{section.2.1}{\376\377\000E\000w\000o\000l\000u\000c\000j\000a\000\040\000i\000\040\000z\000n\000a\000c\000z\000e\000n\000i\000e\000\040\000n\000o\000w\000o\000c\000z\000e\000s\000n\000y\000c\000h\000\040\000a\000p\000l\000i\000k\000a\000c\000j\000i\000\040\000w\000e\000b\000o\000w\000y\000c\000h}{chapter.2}% 4
\BOOKMARK [1][-]{section.2.2}{\376\377\000J\000a\000v\000a\000S\000c\000r\000i\000p\000t\000\040\000i\000\040\000T\000y\000p\000e\000S\000c\000r\000i\000p\000t\000\040\000w\000e\000\040\000w\000s\000p\000\363\001\102\000c\000z\000e\000s\000n\000y\000m\000\040\000e\000k\000o\000s\000y\000s\000t\000e\000m\000i\000e\000\040\000f\000r\000o\000n\000t\000e\000n\000d\000u}{chapter.2}% 5
\BOOKMARK [1][-]{section.2.3}{\376\377\000P\000r\000z\000e\000g\000l\001\005\000d\000\040\000p\000a\000r\000a\000d\000y\000g\000m\000a\000t\000\363\000w\000\040\000i\000\040\000a\000r\000c\000h\000i\000t\000e\000k\000t\000u\000r\000y\000\040\000f\000r\000a\000m\000e\000w\000o\000r\000k\000\363\000w\000\040\000T\000y\000p\000e\000S\000c\000r\000i\000p\000t}{chapter.2}% 6
\BOOKMARK [1][-]{section.2.4}{\376\377\000C\000h\000a\000r\000a\000k\000t\000e\000r\000y\000s\000t\000y\000k\000a\000\040\000R\000e\000a\000c\000t}{chapter.2}% 7
\BOOKMARK [2][-]{subsection.2.4.1}{\376\377\000A\000r\000c\000h\000i\000t\000e\000k\000t\000u\000r\000a\000\040\000i\000\040\000k\000l\000u\000c\000z\000o\000w\000e\000\040\000k\000o\000n\000c\000e\000p\000c\000j\000e}{section.2.4}% 8
\BOOKMARK [2][-]{subsection.2.4.2}{\376\377\000Z\000a\000r\000z\001\005\000d\000z\000a\000n\000i\000e\000\040\000s\000t\000a\000n\000e\000m\000\040\000w\000\040\000R\000e\000a\000c\000t}{section.2.4}% 9
\BOOKMARK [2][-]{subsection.2.4.3}{\376\377\000O\000p\000t\000y\000m\000a\000l\000i\000z\000a\000c\000j\000a\000\040\000w\000y\000d\000a\000j\000n\000o\001\133\000c\000i\000\040\000w\000\040\000a\000p\000l\000i\000k\000a\000c\000j\000a\000c\000h\000\040\000R\000e\000a\000c\000t}{section.2.4}% 10
\BOOKMARK [2][-]{subsection.2.4.4}{\376\377\000I\000n\000t\000e\000g\000r\000a\000c\000j\000a\000\040\000R\000e\000a\000c\000t\000\040\000z\000\040\000T\000y\000p\000e\000S\000c\000r\000i\000p\000t}{section.2.4}% 11
\BOOKMARK [1][-]{section.2.5}{\376\377\000C\000h\000a\000r\000a\000k\000t\000e\000r\000y\000s\000t\000y\000k\000a\000\040\000A\000n\000g\000u\000l\000a\000r}{chapter.2}% 12
\BOOKMARK [2][-]{subsection.2.5.1}{\376\377\000A\000r\000c\000h\000i\000t\000e\000k\000t\000u\000r\000a\000\040\000i\000\040\000k\000l\000u\000c\000z\000o\000w\000e\000\040\000k\000o\000n\000c\000e\000p\000c\000j\000e}{section.2.5}% 13
\BOOKMARK [2][-]{subsection.2.5.2}{\376\377\000Z\000a\000r\000z\001\005\000d\000z\000a\000n\000i\000e\000\040\000s\000t\000a\000n\000e\000m\000\040\000w\000\040\000A\000n\000g\000u\000l\000a\000r}{section.2.5}% 14
\BOOKMARK [2][-]{subsection.2.5.3}{\376\377\000O\000p\000t\000y\000m\000a\000l\000i\000z\000a\000c\000j\000a\000\040\000w\000y\000d\000a\000j\000n\000o\001\133\000c\000i\000\040\000w\000\040\000a\000p\000l\000i\000k\000a\000c\000j\000a\000c\000h\000\040\000A\000n\000g\000u\000l\000a\000r}{section.2.5}% 15
\BOOKMARK [2][-]{subsection.2.5.4}{\376\377\000A\000n\000g\000u\000l\000a\000r\000\040\000i\000\040\000T\000y\000p\000e\000S\000c\000r\000i\000p\000t\000\040\040\023\000\040\000n\000a\000t\000y\000w\000n\000a\000\040\000i\000n\000t\000e\000g\000r\000a\000c\000j\000a}{section.2.5}% 16
\BOOKMARK [1][-]{section.2.6}{\376\377\000P\000o\000d\000s\000t\000a\000w\000y\000\040\000a\000l\000g\000o\000r\000y\000t\000m\000\363\000w\000\040\000s\000o\000r\000t\000u\000j\001\005\000c\000y\000c\000h\000\040\000i\000\040\000i\000c\000h\000\040\000w\000i\000z\000u\000a\000l\000i\000z\000a\000c\000j\000i}{chapter.2}% 17
\BOOKMARK [2][-]{subsection.2.6.1}{\376\377\000K\000l\000a\000s\000y\000f\000i\000k\000a\000c\000j\000a\000\040\000i\000\040\000c\000h\000a\000r\000a\000k\000t\000e\000r\000y\000s\000t\000y\000k\000a\000\040\000w\000y\000b\000r\000a\000n\000y\000c\000h\000\040\000a\000l\000g\000o\000r\000y\000t\000m\000\363\000w\000\040\000s\000o\000r\000t\000u\000j\001\005\000c\000y\000c\000h}{section.2.6}% 18
\BOOKMARK [2][-]{subsection.2.6.2}{\376\377\000M\000e\000t\000o\000d\000y\000\040\000w\000i\000z\000u\000a\000l\000i\000z\000a\000c\000j\000i\000\040\000a\000l\000g\000o\000r\000y\000t\000m\000\363\000w}{section.2.6}% 19
\BOOKMARK [0][-]{chapter.3}{\376\377\000M\000e\000t\000o\000d\000y\000k\000a\000\040\000b\000a\000d\000a\001\104\000\040\000i\000\040\000i\000m\000p\000l\000e\000m\000e\000n\000t\000a\000c\000j\000a\000\040\000a\000p\000l\000i\000k\000a\000c\000j\000i}{}% 20
\BOOKMARK [1][-]{section.3.1}{\376\377\000Z\000a\001\102\000o\001\174\000e\000n\000i\000a\000\040\000p\000r\000o\000j\000e\000k\000t\000o\000w\000e\000\040\000i\000\040\000w\000y\000m\000a\000g\000a\000n\000i\000a\000\040\000f\000u\000n\000k\000c\000j\000o\000n\000a\000l\000n\000e\000\040\000d\000l\000a\000\040\000w\000i\000z\000u\000a\000l\000i\000z\000a\000t\000o\000r\000a\000\040\000a\000l\000g\000o\000r\000y\000t\000m\000\363\000w}{chapter.3}% 21
\BOOKMARK [1][-]{section.3.2}{\376\377\000O\000p\000i\000s\000\040\000i\000m\000p\000l\000e\000m\000e\000n\000t\000a\000c\000j\000i\000\040\000a\000p\000l\000i\000k\000a\000c\000j\000i\000\040\000w\000i\000z\000u\000a\000l\000i\000z\000u\000j\001\005\000c\000e\000j\000\040\000w\000\040\000R\000e\000a\000c\000t}{chapter.3}% 22
\BOOKMARK [2][-]{subsection.3.2.1}{\376\377\000S\000t\000r\000u\000k\000t\000u\000r\000a\000\040\000p\000r\000o\000j\000e\000k\000t\000u\000\040\000i\000\040\000k\000l\000u\000c\000z\000o\000w\000e\000\040\000k\000o\000m\000p\000o\000n\000e\000n\000t\000y}{section.3.2}% 23
\BOOKMARK [2][-]{subsection.3.2.2}{\376\377\000W\000y\000k\000o\000r\000z\000y\000s\000t\000a\000n\000e\000\040\000b\000i\000b\000l\000i\000o\000t\000e\000k\000i\000\040\000i\000\040\000n\000a\000r\000z\001\031\000d\000z\000i\000a}{section.3.2}% 24
\BOOKMARK [2][-]{subsection.3.2.3}{\376\377\000P\000o\000d\000e\000j\001\133\000c\000i\000e\000\040\000d\000o\000\040\000z\000a\000r\000z\001\005\000d\000z\000a\000n\000i\000a\000\040\000s\000t\000a\000n\000e\000m}{section.3.2}% 25
\BOOKMARK [2][-]{subsection.3.2.4}{\376\377\000S\000p\000e\000c\000y\000f\000i\000c\000z\000n\000e\000\040\000t\000e\000c\000h\000n\000i\000k\000i\000\040\000o\000p\000t\000y\000m\000a\000l\000i\000z\000a\000c\000y\000j\000n\000e}{section.3.2}% 26
\BOOKMARK [1][-]{section.3.3}{\376\377\000O\000p\000i\000s\000\040\000i\000m\000p\000l\000e\000m\000e\000n\000t\000a\000c\000j\000i\000\040\000a\000p\000l\000i\000k\000a\000c\000j\000i\000\040\000w\000i\000z\000u\000a\000l\000i\000z\000u\000j\001\005\000c\000e\000j\000\040\000w\000\040\000A\000n\000g\000u\000l\000a\000r}{chapter.3}% 27
\BOOKMARK [2][-]{subsection.3.3.1}{\376\377\000S\000t\000r\000u\000k\000t\000u\000r\000a\000\040\000p\000r\000o\000j\000e\000k\000t\000u\000\040\000i\000\040\000m\000o\000d\000u\001\102\000y}{section.3.3}% 28
\BOOKMARK [2][-]{subsection.3.3.2}{\376\377\000W\000y\000k\000o\000r\000z\000y\000s\000t\000a\000n\000e\000\040\000b\000i\000b\000l\000i\000o\000t\000e\000k\000i\000\040\000i\000\040\000n\000a\000r\000z\001\031\000d\000z\000i\000a}{section.3.3}% 29
\BOOKMARK [2][-]{subsection.3.3.3}{\376\377\000P\000o\000d\000e\000j\001\133\000c\000i\000e\000\040\000d\000o\000\040\000z\000a\000r\000z\001\005\000d\000z\000a\000n\000i\000a\000\040\000s\000t\000a\000n\000e\000m}{section.3.3}% 30
\BOOKMARK [2][-]{subsection.3.3.4}{\376\377\000S\000p\000e\000c\000y\000f\000i\000c\000z\000n\000e\000\040\000t\000e\000c\000h\000n\000i\000k\000i\000\040\000o\000p\000t\000y\000m\000a\000l\000i\000z\000a\000c\000y\000j\000n\000e}{section.3.3}% 31
\BOOKMARK [1][-]{section.3.4}{\376\377\000M\000e\000t\000o\000d\000y\000\040\000i\000\040\000p\000r\000o\000c\000e\000d\000u\000r\000y\000\040\000p\000o\000m\000i\000a\000r\000o\000w\000e\000\040\000d\000l\000a\000\040\000a\000n\000a\000l\000i\000z\000y\000\040\000w\000y\000d\000a\000j\000n\000o\001\133\000c\000i}{chapter.3}% 32
\BOOKMARK [1][-]{section.3.5}{\376\377\000M\000e\000t\000o\000d\000y\000\040\000o\000c\000e\000n\000y\000\040\000p\000r\000o\000d\000u\000k\000t\000y\000w\000n\000o\001\133\000c\000i\000\040\000p\000r\000o\000g\000r\000a\000m\000i\000s\000t\000y\000c\000z\000n\000e\000j}{chapter.3}% 33
\BOOKMARK [0][-]{chapter.4}{\376\377\000P\000r\000e\000z\000e\000n\000t\000a\000c\000j\000a\000\040\000i\000\040\000a\000n\000a\000l\000i\000z\000a\000\040\000w\000y\000n\000i\000k\000\363\000w\000\040\000b\000a\000d\000a\001\104}{}% 34
\BOOKMARK [1][-]{section.4.1}{\376\377\000W\000y\000n\000i\000k\000i\000\040\000p\000o\000m\000i\000a\000r\000\363\000w\000\040\000w\000y\000d\000a\000j\000n\000o\001\133\000c\000i\000\040\000r\000e\000n\000d\000e\000r\000o\000w\000a\000n\000i\000a\000\040\000d\000l\000a\000\040\000o\000b\000u\000\040\000i\000m\000p\000l\000e\000m\000e\000n\000t\000a\000c\000j\000i}{chapter.4}% 35
\BOOKMARK [1][-]{section.4.2}{\376\377\000A\000n\000a\000l\000i\000z\000a\000\040\000z\000u\001\174\000y\000c\000i\000a\000\040\000z\000a\000s\000o\000b\000\363\000w\000\040\000i\000\040\000p\001\102\000y\000n\000n\000o\001\133\000c\000i\000\040\000a\000n\000i\000m\000a\000c\000j\000i}{chapter.4}% 36
\BOOKMARK [1][-]{section.4.3}{\376\377\000P\000o\000r\000\363\000w\000n\000a\000n\000i\000e\000\040\000r\000o\000z\000m\000i\000a\000r\000\363\000w\000\040\000i\000\040\000z\001\102\000o\001\174\000o\000n\000o\001\133\000c\000i\000\040\000p\000a\000k\000i\000e\000t\000\363\000w}{chapter.4}% 37
\BOOKMARK [1][-]{section.4.4}{\376\377\000W\000y\000n\000i\000k\000i\000\040\000o\000c\000e\000n\000y\000\040\001\102\000a\000t\000w\000o\001\133\000c\000i\000\040\000r\000o\000z\000w\000o\000j\000u\000\040\000i\000\040\000p\000r\000o\000d\000u\000k\000t\000y\000w\000n\000o\001\133\000c\000i\000\040\000p\000r\000o\000g\000r\000a\000m\000i\000s\000t\000y\000c\000z\000n\000e\000j}{chapter.4}% 38
\BOOKMARK [1][-]{section.4.5}{\376\377\000P\000o\000r\000\363\000w\000n\000a\000w\000c\000z\000a\000\040\000a\000n\000a\000l\000i\000z\000a\000\040\000z\000a\000s\000t\000o\000s\000o\000w\000a\000n\000i\000a\000\040\000T\000y\000p\000e\000S\000c\000r\000i\000p\000t\000\040\000w\000\040\000o\000b\000u\000\040\000f\000r\000a\000m\000e\000w\000o\000r\000k\000a\000c\000h}{chapter.4}% 39
\BOOKMARK [0][-]{chapter.5}{\376\377\000D\000y\000s\000k\000u\000s\000j\000a\000\040\000w\000y\000n\000i\000k\000\363\000w\000,\000\040\000w\000n\000i\000o\000s\000k\000i\000\040\000i\000\040\000r\000e\000k\000o\000m\000e\000n\000d\000a\000c\000j\000e}{}% 40
\BOOKMARK [1][-]{section.5.1}{\376\377\000O\000d\000p\000o\000w\000i\000e\000d\000z\000i\000\040\000n\000a\000\040\000g\001\102\000\363\000w\000n\000e\000\040\000i\000\040\000s\000z\000c\000z\000e\000g\000\363\001\102\000o\000w\000e\000\040\000p\000y\000t\000a\000n\000i\000a\000\040\000b\000a\000d\000a\000w\000c\000z\000e}{chapter.5}% 41
\BOOKMARK [1][-]{section.5.2}{\376\377\000P\000o\000r\000\363\000w\000n\000a\000n\000i\000e\000\040\000m\000o\000c\000n\000y\000c\000h\000\040\000i\000\040\000s\001\102\000a\000b\000y\000c\000h\000\040\000s\000t\000r\000o\000n\000\040\000R\000e\000a\000c\000t\000\040\000i\000\040\000A\000n\000g\000u\000l\000a\000r\000\040\000w\000\040\000k\000o\000n\000t\000e\000k\001\133\000c\000i\000e\000\040\000d\000y\000n\000a\000m\000i\000c\000z\000n\000y\000c\000h\000\040\000w\000i\000z\000u\000a\000l\000i\000z\000a\000c\000j\000i}{chapter.5}% 42
\BOOKMARK [1][-]{section.5.3}{\376\377\000I\000m\000p\000l\000i\000k\000a\000c\000j\000e\000\040\000p\000r\000a\000k\000t\000y\000c\000z\000n\000e\000\040\000d\000l\000a\000\040\000d\000e\000w\000e\000l\000o\000p\000e\000r\000\363\000w\000\040\000i\000\040\000a\000r\000c\000h\000i\000t\000e\000k\000t\000\363\000w}{chapter.5}% 43
\BOOKMARK [1][-]{section.5.4}{\376\377\000I\000m\000p\000l\000i\000k\000a\000c\000j\000e\000\040\000t\000e\000o\000r\000e\000t\000y\000c\000z\000n\000e\000\040\000d\000l\000a\000\040\000i\000n\001\174\000y\000n\000i\000e\000r\000i\000i\000\040\000o\000p\000r\000o\000g\000r\000a\000m\000o\000w\000a\000n\000i\000a}{chapter.5}% 44
\BOOKMARK [1][-]{section.5.5}{\376\377\000O\000g\000r\000a\000n\000i\000c\000z\000e\000n\000i\000a\000\040\000p\000r\000z\000e\000p\000r\000o\000w\000a\000d\000z\000o\000n\000e\000g\000o\000\040\000b\000a\000d\000a\000n\000i\000a}{chapter.5}% 45
\BOOKMARK [0][-]{section*.2}{\376\377\000B\000i\000b\000l\000i\000o\000g\000r\000a\000f\000i\000a}{}% 46
